---

## 2 Prompt — *Read the report and generate code-mod suggestions*

 **SYSTEM / TOOLING CONTEXT**  
 You are given the JSON “casting report” produced by the previous step, plus write-access to a **work-in-progress branch** that has already removed `config.postgresEnabled` branching for placeholders.  
 The helpers that exist in this branch are:  
 ```ts
 export function ph(n: number): string;
 export function cmp(op: 'eq' | 'neq', n: number): string;
 // Add new helpers if needed:
 //   toText(col: string)  → , col::TEXT | ''
 //   epochMs(col: string) → (extract(epoch from col)*1000)::bigint | col
 ```
  
 **YOUR TASK**  
 1. Load the casting report.  
 2. For every entry where `"needs_helper": true`, decide whether it maps to:  
    * `toText(col)` – simple `::TEXT` suffix  
    * `epochMs(col)` – Postgres `extract(epoch …)` vs plain column  
    * **or** specify a *new* helper and write its signature + Postgres/SQLite templates.  
 3. Produce a set of **patch instructions**:  
    * `"file"` – path  
    * `"search"` – exact code snippet (or a minimal regex) to replace  
    * `"replaceWith"` – the helper-based expression  
 4. Also output any **new helper implementations** that must be added to `dbSqlHelpers.ts`.  
  
 **OUTPUT FORMAT**  
 ```jsonc
 {
   "patches": [
     {
       "file": "src/db/transactions.ts",
       "search": ", originalTxData::TEXT",
       "replaceWith": "${toText('originalTxData')}"
     },
     …
   ],
   "newHelpers": [
     {
       "name": "epochMs",
       "postgresImpl": "(extract(epoch from ${col})*1000)::bigint",
       "sqliteImpl": "${col}"
     }
   ]
 }
 ```  
 **No additional commentary.**

---
